<?xml version="1.0" encoding="UTF-8"?>
<robot generator="Robot 7.2 (Python 3.14.0a4 on win32)" generated="2025-02-09T11:23:08.709960" rpa="false" schemaversion="5">
<suite id="s1" name="Search" source="C:\Users\mfahr\Testing_Android2\SanberCodeQA-Quiz3Kel.11-Mobiletest\Suites\Search\Search.robot">
<test id="s1-t1" name="Login" line="55">
<kw name="Open My App">
<kw name="Open Application" owner="AppiumLibrary">
<arg>remote_url=http://127.0.0.1:4723/wd/hub</arg>
<arg>platformName=Android</arg>
<arg>platformVersion=11.0</arg>
<arg>deviceName=M2101K7BNY</arg>
<arg>automationName=UiAutomator2</arg>
<arg>appPackage=com.example.myapplication</arg>
<arg>appActivity=com.example.myapplication.MainActivity</arg>
<doc>Opens a new application to given Appium server.
Capabilities of appium server, Android and iOS,
Please check https://appium.io/docs/en/2.1/cli/args/
| *Option*            | *Man.* | *Description*     |
| remote_url          | Yes    | Appium server url |
| alias               | no     | alias             |
| strict_ssl          | No     | allows you to send commands to an invalid certificate host like a self-signed one. |</doc>
<status status="PASS" start="2025-02-09T11:23:09.434074" elapsed="12.347714"/>
</kw>
<status status="PASS" start="2025-02-09T11:23:09.432791" elapsed="12.349469"/>
</kw>
<kw name="Verify Home Screen Appears">
<kw name="Wait Until Page Contains Element" owner="AppiumLibrary">
<msg time="2025-02-09T11:23:22.535635" level="INFO">xpath criteria: //android.widget.ImageView[@resource-id="com.example.myapplication:id/imageView4"]</msg>
<arg>//android.widget.ImageView[@resource-id="com.example.myapplication:id/imageView4"]</arg>
<doc>Waits until element specified with `locator` appears on current page.</doc>
<status status="PASS" start="2025-02-09T11:23:21.785556" elapsed="0.750261"/>
</kw>
<status status="PASS" start="2025-02-09T11:23:21.784786" elapsed="0.751232"/>
</kw>
<kw name="Click Sign In Button On Home Screen">
<kw name="Wait Until Element Is Visible" owner="AppiumLibrary">
<msg time="2025-02-09T11:23:22.603651" level="INFO">xpath criteria: //android.widget.Button[@resource-id="com.example.myapplication:id/login"]</msg>
<arg>//android.widget.Button[@resource-id="com.example.myapplication:id/login"]</arg>
<arg>timeout=10s</arg>
<doc>Waits until element specified with `locator` is visible.</doc>
<status status="PASS" start="2025-02-09T11:23:22.537301" elapsed="0.066542"/>
</kw>
<kw name="Click Element" owner="AppiumLibrary">
<msg time="2025-02-09T11:23:22.606460" level="INFO">Clicking element '//android.widget.Button[@resource-id="com.example.myapplication:id/login"]'.</msg>
<msg time="2025-02-09T11:23:22.694506" level="INFO">xpath criteria: //android.widget.Button[@resource-id="com.example.myapplication:id/login"]</msg>
<arg>//android.widget.Button[@resource-id="com.example.myapplication:id/login"]</arg>
<doc>Click element identified by `locator`.</doc>
<status status="PASS" start="2025-02-09T11:23:22.604122" elapsed="0.090525"/>
</kw>
<status status="PASS" start="2025-02-09T11:23:22.536653" elapsed="0.158130"/>
</kw>
<kw name="Input Form Name">
<kw name="Wait Until Page Contains Element" owner="AppiumLibrary">
<msg time="2025-02-09T11:23:23.360443" level="INFO">xpath criteria: //android.widget.EditText[@resource-id="com.example.myapplication:id/username"]
xpath criteria: //android.widget.EditText[@resource-id="com.example.myapplication:id/username"]</msg>
<arg>//android.widget.EditText[@resource-id="com.example.myapplication:id/username"]</arg>
<arg>timeout=15s</arg>
<doc>Waits until element specified with `locator` appears on current page.</doc>
<status status="PASS" start="2025-02-09T11:23:22.696093" elapsed="0.664543"/>
</kw>
<kw name="Input Text" owner="AppiumLibrary">
<msg time="2025-02-09T11:23:23.364796" level="INFO">Typing text 'support@ngendigital.com' into text field '//android.widget.EditText[@resource-id="com.example.myapplication:id/username"]'</msg>
<msg time="2025-02-09T11:23:23.453643" level="INFO">xpath criteria: //android.widget.EditText[@resource-id="com.example.myapplication:id/username"]</msg>
<arg>//android.widget.EditText[@resource-id="com.example.myapplication:id/username"]</arg>
<arg>support@ngendigital.com</arg>
<doc>Types the given `text` into text field identified by `locator`.</doc>
<status status="PASS" start="2025-02-09T11:23:23.361019" elapsed="0.092780"/>
</kw>
<kw name="Input Password" owner="AppiumLibrary">
<msg time="2025-02-09T11:23:23.455848" level="INFO">Typing password into text field '//android.widget.EditText[@resource-id="com.example.myapplication:id/password"]'</msg>
<msg time="2025-02-09T11:23:24.018852" level="INFO">xpath criteria: //android.widget.EditText[@resource-id="com.example.myapplication:id/password"]</msg>
<arg>//android.widget.EditText[@resource-id="com.example.myapplication:id/password"]</arg>
<arg>abc123</arg>
<doc>Types the given password into text field identified by `locator`.</doc>
<status status="PASS" start="2025-02-09T11:23:23.454128" elapsed="0.564922"/>
</kw>
<status status="PASS" start="2025-02-09T11:23:22.695412" elapsed="1.323830"/>
</kw>
<kw name="Click Sign In Button">
<kw name="Wait Until Page Contains Element" owner="AppiumLibrary">
<msg time="2025-02-09T11:23:24.545995" level="INFO">xpath criteria: //android.widget.Button[@resource-id="com.example.myapplication:id/signIn"]</msg>
<arg>//android.widget.Button[@resource-id="com.example.myapplication:id/signIn"]</arg>
<arg>timeout=15s</arg>
<doc>Waits until element specified with `locator` appears on current page.</doc>
<status status="PASS" start="2025-02-09T11:23:24.020679" elapsed="0.525481"/>
</kw>
<kw name="Click Element" owner="AppiumLibrary">
<msg time="2025-02-09T11:23:24.548090" level="INFO">Clicking element '//android.widget.Button[@resource-id="com.example.myapplication:id/signIn"]'.</msg>
<msg time="2025-02-09T11:23:24.656378" level="INFO">xpath criteria: //android.widget.Button[@resource-id="com.example.myapplication:id/signIn"]</msg>
<arg>//android.widget.Button[@resource-id="com.example.myapplication:id/signIn"]</arg>
<doc>Click element identified by `locator`.</doc>
<status status="PASS" start="2025-02-09T11:23:24.546507" elapsed="0.110098"/>
</kw>
<status status="PASS" start="2025-02-09T11:23:24.019987" elapsed="0.636828"/>
</kw>
<kw name="Click Button Search Flight">
<kw name="Wait Until Page Contains Element" owner="AppiumLibrary">
<msg time="2025-02-09T11:23:25.297861" level="INFO">xpath criteria: //android.widget.Button[@resource-id="com.example.myapplication:id/search_flight"]</msg>
<arg>//android.widget.Button[@resource-id="com.example.myapplication:id/search_flight"]</arg>
<arg>timeout=15s</arg>
<doc>Waits until element specified with `locator` appears on current page.</doc>
<status status="PASS" start="2025-02-09T11:23:24.658371" elapsed="0.639660"/>
</kw>
<kw name="Click Element" owner="AppiumLibrary">
<msg time="2025-02-09T11:23:25.300510" level="INFO">Clicking element '//android.widget.Button[@resource-id="com.example.myapplication:id/search_flight"]'.</msg>
<msg time="2025-02-09T11:23:25.401274" level="INFO">xpath criteria: //android.widget.Button[@resource-id="com.example.myapplication:id/search_flight"]</msg>
<arg>//android.widget.Button[@resource-id="com.example.myapplication:id/search_flight"]</arg>
<doc>Click element identified by `locator`.</doc>
<status status="PASS" start="2025-02-09T11:23:25.298367" elapsed="0.103059"/>
</kw>
<status status="PASS" start="2025-02-09T11:23:24.657629" elapsed="0.743989"/>
</kw>
<kw name="Close flight Application">
<kw name="Close Application" owner="AppiumLibrary">
<doc>Closes the current application and also close webdriver session.</doc>
<status status="PASS" start="2025-02-09T11:23:25.403315" elapsed="0.815501"/>
</kw>
<status status="PASS" start="2025-02-09T11:23:25.402503" elapsed="0.816525"/>
</kw>
<status status="PASS" start="2025-02-09T11:23:09.431172" elapsed="16.796113"/>
</test>
<test id="s1-t2" name="Search" line="64">
<kw name="Open My App">
<kw name="Open Application" owner="AppiumLibrary">
<arg>remote_url=http://127.0.0.1:4723/wd/hub</arg>
<arg>platformName=Android</arg>
<arg>platformVersion=11.0</arg>
<arg>deviceName=M2101K7BNY</arg>
<arg>automationName=UiAutomator2</arg>
<arg>appPackage=com.example.myapplication</arg>
<arg>appActivity=com.example.myapplication.MainActivity</arg>
<doc>Opens a new application to given Appium server.
Capabilities of appium server, Android and iOS,
Please check https://appium.io/docs/en/2.1/cli/args/
| *Option*            | *Man.* | *Description*     |
| remote_url          | Yes    | Appium server url |
| alias               | no     | alias             |
| strict_ssl          | No     | allows you to send commands to an invalid certificate host like a self-signed one. |</doc>
<status status="PASS" start="2025-02-09T11:23:26.237559" elapsed="9.977747"/>
</kw>
<status status="PASS" start="2025-02-09T11:23:26.236963" elapsed="9.978631"/>
</kw>
<kw name="Verify Home Screen Appears">
<kw name="Wait Until Page Contains Element" owner="AppiumLibrary">
<msg time="2025-02-09T11:23:36.912954" level="INFO">xpath criteria: //android.widget.ImageView[@resource-id="com.example.myapplication:id/imageView4"]</msg>
<arg>//android.widget.ImageView[@resource-id="com.example.myapplication:id/imageView4"]</arg>
<doc>Waits until element specified with `locator` appears on current page.</doc>
<status status="PASS" start="2025-02-09T11:23:36.217280" elapsed="0.695841"/>
</kw>
<status status="PASS" start="2025-02-09T11:23:36.216527" elapsed="0.696760"/>
</kw>
<kw name="Click Sign In Button On Home Screen">
<kw name="Wait Until Element Is Visible" owner="AppiumLibrary">
<msg time="2025-02-09T11:23:36.975842" level="INFO">xpath criteria: //android.widget.Button[@resource-id="com.example.myapplication:id/login"]</msg>
<arg>//android.widget.Button[@resource-id="com.example.myapplication:id/login"]</arg>
<arg>timeout=10s</arg>
<doc>Waits until element specified with `locator` is visible.</doc>
<status status="PASS" start="2025-02-09T11:23:36.914403" elapsed="0.061603"/>
</kw>
<kw name="Click Element" owner="AppiumLibrary">
<msg time="2025-02-09T11:23:36.978292" level="INFO">Clicking element '//android.widget.Button[@resource-id="com.example.myapplication:id/login"]'.</msg>
<msg time="2025-02-09T11:23:37.074900" level="INFO">xpath criteria: //android.widget.Button[@resource-id="com.example.myapplication:id/login"]</msg>
<arg>//android.widget.Button[@resource-id="com.example.myapplication:id/login"]</arg>
<doc>Click element identified by `locator`.</doc>
<status status="PASS" start="2025-02-09T11:23:36.976292" elapsed="0.098773"/>
</kw>
<status status="PASS" start="2025-02-09T11:23:36.913907" elapsed="0.161350"/>
</kw>
<kw name="Input Form Name">
<kw name="Wait Until Page Contains Element" owner="AppiumLibrary">
<msg time="2025-02-09T11:23:37.757384" level="INFO">xpath criteria: //android.widget.EditText[@resource-id="com.example.myapplication:id/username"]
xpath criteria: //android.widget.EditText[@resource-id="com.example.myapplication:id/username"]</msg>
<arg>//android.widget.EditText[@resource-id="com.example.myapplication:id/username"]</arg>
<arg>timeout=15s</arg>
<doc>Waits until element specified with `locator` appears on current page.</doc>
<status status="PASS" start="2025-02-09T11:23:37.076481" elapsed="0.681078"/>
</kw>
<kw name="Input Text" owner="AppiumLibrary">
<msg time="2025-02-09T11:23:37.760383" level="INFO">Typing text 'support@ngendigital.com' into text field '//android.widget.EditText[@resource-id="com.example.myapplication:id/username"]'</msg>
<msg time="2025-02-09T11:23:37.850103" level="INFO">xpath criteria: //android.widget.EditText[@resource-id="com.example.myapplication:id/username"]</msg>
<arg>//android.widget.EditText[@resource-id="com.example.myapplication:id/username"]</arg>
<arg>support@ngendigital.com</arg>
<doc>Types the given `text` into text field identified by `locator`.</doc>
<status status="PASS" start="2025-02-09T11:23:37.757881" elapsed="0.092391"/>
</kw>
<kw name="Input Password" owner="AppiumLibrary">
<msg time="2025-02-09T11:23:37.853679" level="INFO">Typing password into text field '//android.widget.EditText[@resource-id="com.example.myapplication:id/password"]'</msg>
<msg time="2025-02-09T11:23:38.403777" level="INFO">xpath criteria: //android.widget.EditText[@resource-id="com.example.myapplication:id/password"]</msg>
<arg>//android.widget.EditText[@resource-id="com.example.myapplication:id/password"]</arg>
<arg>abc123</arg>
<doc>Types the given password into text field identified by `locator`.</doc>
<status status="PASS" start="2025-02-09T11:23:37.851012" elapsed="0.552935"/>
</kw>
<status status="PASS" start="2025-02-09T11:23:37.075928" elapsed="1.328209"/>
</kw>
<kw name="Click Sign In Button">
<kw name="Wait Until Page Contains Element" owner="AppiumLibrary">
<msg time="2025-02-09T11:23:38.926437" level="INFO">xpath criteria: //android.widget.Button[@resource-id="com.example.myapplication:id/signIn"]</msg>
<arg>//android.widget.Button[@resource-id="com.example.myapplication:id/signIn"]</arg>
<arg>timeout=15s</arg>
<doc>Waits until element specified with `locator` appears on current page.</doc>
<status status="PASS" start="2025-02-09T11:23:38.405512" elapsed="0.521086"/>
</kw>
<kw name="Click Element" owner="AppiumLibrary">
<msg time="2025-02-09T11:23:38.928735" level="INFO">Clicking element '//android.widget.Button[@resource-id="com.example.myapplication:id/signIn"]'.</msg>
<msg time="2025-02-09T11:23:39.019617" level="INFO">xpath criteria: //android.widget.Button[@resource-id="com.example.myapplication:id/signIn"]</msg>
<arg>//android.widget.Button[@resource-id="com.example.myapplication:id/signIn"]</arg>
<doc>Click element identified by `locator`.</doc>
<status status="PASS" start="2025-02-09T11:23:38.926932" elapsed="0.092849"/>
</kw>
<status status="PASS" start="2025-02-09T11:23:38.404878" elapsed="0.615098"/>
</kw>
<kw name="Click Button Search Flight">
<kw name="Wait Until Page Contains Element" owner="AppiumLibrary">
<msg time="2025-02-09T11:23:39.669300" level="INFO">xpath criteria: //android.widget.Button[@resource-id="com.example.myapplication:id/search_flight"]
xpath criteria: //android.widget.Button[@resource-id="com.example.myapplication:id/search_flight"]</msg>
<arg>//android.widget.Button[@resource-id="com.example.myapplication:id/search_flight"]</arg>
<arg>timeout=15s</arg>
<doc>Waits until element specified with `locator` appears on current page.</doc>
<status status="PASS" start="2025-02-09T11:23:39.021334" elapsed="0.648138"/>
</kw>
<kw name="Click Element" owner="AppiumLibrary">
<msg time="2025-02-09T11:23:39.672608" level="INFO">Clicking element '//android.widget.Button[@resource-id="com.example.myapplication:id/search_flight"]'.</msg>
<msg time="2025-02-09T11:23:39.783981" level="INFO">xpath criteria: //android.widget.Button[@resource-id="com.example.myapplication:id/search_flight"]</msg>
<arg>//android.widget.Button[@resource-id="com.example.myapplication:id/search_flight"]</arg>
<doc>Click element identified by `locator`.</doc>
<status status="PASS" start="2025-02-09T11:23:39.669992" elapsed="0.114171"/>
</kw>
<status status="PASS" start="2025-02-09T11:23:39.020600" elapsed="0.763799"/>
</kw>
<kw name="Input Search Flight">
<kw name="Wait Until Page Contains Element" owner="AppiumLibrary">
<msg time="2025-02-09T11:23:40.580928" level="INFO">xpath criteria: //android.widget.EditText[@resource-id="com.example.myapplication:id/flight_number"]
xpath criteria: //android.widget.EditText[@resource-id="com.example.myapplication:id/flight_number"]</msg>
<arg>//android.widget.EditText[@resource-id="com.example.myapplication:id/flight_number"]</arg>
<arg>timeout=15s</arg>
<doc>Waits until element specified with `locator` appears on current page.</doc>
<status status="PASS" start="2025-02-09T11:23:39.785799" elapsed="0.795292"/>
</kw>
<kw name="Input Text" owner="AppiumLibrary">
<msg time="2025-02-09T11:23:40.583992" level="INFO">Typing text 'DA935' into text field '//android.widget.EditText[@resource-id="com.example.myapplication:id/flight_number"]'</msg>
<msg time="2025-02-09T11:23:40.654495" level="INFO">xpath criteria: //android.widget.EditText[@resource-id="com.example.myapplication:id/flight_number"]</msg>
<arg>//android.widget.EditText[@resource-id="com.example.myapplication:id/flight_number"]</arg>
<arg>DA935</arg>
<doc>Types the given `text` into text field identified by `locator`.</doc>
<status status="PASS" start="2025-02-09T11:23:40.581467" elapsed="0.073279"/>
</kw>
<status status="PASS" start="2025-02-09T11:23:39.785142" elapsed="0.869988"/>
</kw>
<kw name="Click Button Search">
<kw name="Wait Until Page Contains Element" owner="AppiumLibrary">
<msg time="2025-02-09T11:23:41.183643" level="INFO">xpath criteria: //android.widget.Button[@resource-id="com.example.myapplication:id/searchFlight"]</msg>
<arg>//android.widget.Button[@resource-id="com.example.myapplication:id/searchFlight"]</arg>
<arg>timeout=15s</arg>
<doc>Waits until element specified with `locator` appears on current page.</doc>
<status status="PASS" start="2025-02-09T11:23:40.656706" elapsed="0.527115"/>
</kw>
<kw name="Click Element" owner="AppiumLibrary">
<msg time="2025-02-09T11:23:41.186666" level="INFO">Clicking element '//android.widget.Button[@resource-id="com.example.myapplication:id/searchFlight"]'.</msg>
<msg time="2025-02-09T11:23:41.275064" level="INFO">xpath criteria: //android.widget.Button[@resource-id="com.example.myapplication:id/searchFlight"]</msg>
<arg>//android.widget.Button[@resource-id="com.example.myapplication:id/searchFlight"]</arg>
<doc>Click element identified by `locator`.</doc>
<status status="PASS" start="2025-02-09T11:23:41.184132" elapsed="0.091101"/>
</kw>
<status status="PASS" start="2025-02-09T11:23:40.655983" elapsed="0.619441"/>
</kw>
<kw name="Close flight Application">
<kw name="Close Application" owner="AppiumLibrary">
<doc>Closes the current application and also close webdriver session.</doc>
<status status="PASS" start="2025-02-09T11:23:41.278109" elapsed="0.614609"/>
</kw>
<status status="PASS" start="2025-02-09T11:23:41.276712" elapsed="0.616268"/>
</kw>
<status status="PASS" start="2025-02-09T11:23:26.233430" elapsed="15.662539"/>
</test>
<status status="PASS" start="2025-02-09T11:23:08.713582" elapsed="33.184756"/>
</suite>
<statistics>
<total>
<stat pass="2" fail="0" skip="0">All Tests</stat>
</total>
<tag>
</tag>
<suite>
<stat name="Search" id="s1" pass="2" fail="0" skip="0">Search</stat>
</suite>
</statistics>
<errors>
</errors>
</robot>
