<?xml version="1.0" encoding="UTF-8"?>
<robot generator="Robot 7.2 (Python 3.13.1 on win32)" generated="2025-01-25T12:24:17.146051" rpa="false" schemaversion="5">
<suite id="s1" name="SignIn" source="E:\Pelatihan\Sanbercode - Quality Assurance\SanberCodeQA-Quiz3Kel.11-Mobiletest\Suites\SignIn\SignIn.robot">
<test id="s1-t1" name="Open Application" line="13">
<kw name="Open Application" owner="AppiumLibrary">
<arg>${REMOTE_URL}</arg>
<arg>platformName=${PLATFORM_NAME}</arg>
<arg>platformVersion=${PLATFORM_VERSION}</arg>
<arg>deviceName=${DEVICE_NAME}</arg>
<arg>appPackage=${APP_PACKAGE}</arg>
<arg>appActivity=${APP_ACTIVITY}</arg>
<doc>Opens a new application to given Appium server.
Capabilities of appium server, Android and iOS,
Please check https://appium.io/docs/en/2.1/cli/args/
| *Option*            | *Man.* | *Description*     |
| remote_url          | Yes    | Appium server url |
| alias               | no     | alias             |
| strict_ssl          | No     | allows you to send commands to an invalid certificate host like a self-signed one. |</doc>
<status status="PASS" start="2025-01-25T12:24:17.263337" elapsed="8.819243"/>
</kw>
<kw name="Sleep" owner="BuiltIn">
<msg time="2025-01-25T12:24:31.083825" level="INFO">Slept 5 seconds.</msg>
<arg>5s</arg>
<doc>Pauses the test executed for the given time.</doc>
<status status="PASS" start="2025-01-25T12:24:26.083097" elapsed="5.000838"/>
</kw>
<kw name="Page Should Contain Element" owner="AppiumLibrary">
<msg time="2025-01-25T12:24:31.365376" level="INFO">Current page contains element 'xpath=//android.widget.Button[@resource-id="com.example.myapplication:id/login"]'.</msg>
<msg time="2025-01-25T12:24:31.365446" level="INFO">xpath criteria: //android.widget.Button[@resource-id="com.example.myapplication:id/login"]</msg>
<arg>xpath=//android.widget.Button[@resource-id="com.example.myapplication:id/login"]</arg>
<doc>Verifies that current page contains `locator` element.</doc>
<status status="PASS" start="2025-01-25T12:24:31.084197" elapsed="0.281282"/>
</kw>
<doc>Membuka aplikasi dan memverifikasi bahwa aplikasi terbuka dengan benar</doc>
<status status="PASS" start="2025-01-25T12:24:17.262637" elapsed="14.103067"/>
</test>
<test id="s1-t2" name="Click Login Button" line="19">
<kw name="Click Element" owner="AppiumLibrary">
<msg time="2025-01-25T12:24:31.367004" level="INFO">Clicking element 'xpath=//android.widget.Button[@resource-id="com.example.myapplication:id/login"]'.</msg>
<msg time="2025-01-25T12:24:31.467842" level="INFO">xpath criteria: //android.widget.Button[@resource-id="com.example.myapplication:id/login"]</msg>
<arg>xpath=//android.widget.Button[@resource-id="com.example.myapplication:id/login"]</arg>
<doc>Click element identified by `locator`.</doc>
<status status="PASS" start="2025-01-25T12:24:31.366391" elapsed="0.101546"/>
</kw>
<doc>Mengklik tombol login</doc>
<status status="PASS" start="2025-01-25T12:24:31.366141" elapsed="0.102103"/>
</test>
<test id="s1-t3" name="Type Username" line="23">
<kw name="Sleep" owner="BuiltIn">
<msg time="2025-01-25T12:24:33.470362" level="INFO">Slept 2 seconds.</msg>
<arg>2s</arg>
<doc>Pauses the test executed for the given time.</doc>
<status status="PASS" start="2025-01-25T12:24:31.469243" elapsed="2.001248"/>
</kw>
<kw name="Input Text" owner="AppiumLibrary">
<msg time="2025-01-25T12:24:33.471643" level="INFO">Typing text 'Manarul' into text field 'xpath=//android.widget.EditText[@resource-id="com.example.myapplication:id/username"]'</msg>
<msg time="2025-01-25T12:24:33.550436" level="INFO">xpath criteria: //android.widget.EditText[@resource-id="com.example.myapplication:id/username"]</msg>
<arg>xpath=//android.widget.EditText[@resource-id="com.example.myapplication:id/username"]</arg>
<arg>Manarul</arg>
<doc>Types the given `text` into text field identified by `locator`.</doc>
<status status="PASS" start="2025-01-25T12:24:33.470795" elapsed="0.079722"/>
</kw>
<doc>Mengetik username "Manarul"</doc>
<status status="PASS" start="2025-01-25T12:24:31.468866" elapsed="2.081920"/>
</test>
<status status="PASS" start="2025-01-25T12:24:17.147042" elapsed="16.404594"/>
</suite>
<statistics>
<total>
<stat pass="3" fail="0" skip="0">All Tests</stat>
</total>
<tag>
</tag>
<suite>
<stat name="SignIn" id="s1" pass="3" fail="0" skip="0">SignIn</stat>
</suite>
</statistics>
<errors>
</errors>
</robot>
